<?xml version="1.0" encoding="UTF-8"?>
<!-- Generated by org.testng.reporters.JUnitXMLReporter -->
<testsuite ignored="0" hostname="abhay" failures="0" tests="4" name="Login Tests" time="39.612" errors="0" timestamp="2025-07-10T14:46:45 IST">
  <testcase classname="tests.LoginTest" name="testForgotPasswordFeatureValidation" time="8.388"/>
  <testcase classname="tests.LoginTest" name="testInstagramRedirect" time="9.92"/>
  <testcase classname="tests.LoginTest" name="testInvalidLoginValidation" time="3.019"/>
  <testcase classname="tests.LoginTest" name="testLoginPageLoadPerformance" time="0.162"/>
</testsuite> <!-- Login Tests -->
